# JRE version: Java(TM) SE Runtime Environment (17.0.7+8) (build 17.0.7+8-LTS-224)
# Java VM: Java HotSpot(TM) 64-Bit Server VM (17.0.7+8-LTS-224, mixed mode, sharing, tiered, compressed oops, compressed class ptrs, g1 gc, windows-amd64)
GC Precious Log:
 CPUs: 4 total, 4 available
 Memory: 8058M
 Large Page Support: Disabled
 NUMA Support: Disabled
 Compressed Oops: Enabled (32-bit)
 Heap Region Size: 1M
 Heap Min Capacity: 8M
 Heap Initial Capacity: 126M
 Heap Max Capacity: 2016M
 Pre-touch: Disabled
 Parallel Workers: 4
 Concurrent Workers: 1
 Concurrent Refinement Workers: 4
 Periodic GC: Disabled
Heap:
 garbage-first heap   total 140288K, used 80896K [0x0000000082000000, 0x0000000100000000)
  region size 1024K, 4 young (4096K), 4 survivors (4096K)
 Metaspace       used 42548K, committed 43008K, reserved 1089536K
  class space    used 4899K, committed 5120K, reserved 1048576K
GC Heap History (20 events):
Event: 9.782 GC heap after
{Heap after GC invocations=11 (full 0):
 garbage-first heap   total 115712K, used 64512K [0x0000000082000000, 0x0000000100000000)
  region size 1024K, 5 young (5120K), 5 survivors (5120K)
 Metaspace       used 32500K, committed 32832K, reserved 1081344K
  class space    used 3660K, committed 3840K, reserved 1048576K
}
Event: 10.448 GC heap before
{Heap before GC invocations=11 (full 0):
 garbage-first heap   total 115712K, used 88064K [0x0000000082000000, 0x0000000100000000)
  region size 1024K, 29 young (29696K), 5 survivors (5120K)
 Metaspace       used 33802K, committed 34112K, reserved 1081344K
  class space    used 3817K, committed 3968K, reserved 1048576K
}
Event: 10.455 GC heap after
{Heap after GC invocations=12 (full 0):
 garbage-first heap   total 115712K, used 66048K [0x0000000082000000, 0x0000000100000000)
  region size 1024K, 1 young (1024K), 1 survivors (1024K)
 Metaspace       used 33802K, committed 34112K, reserved 1081344K
  class space    used 3817K, committed 3968K, reserved 1048576K
}
Event: 10.905 GC heap before
{Heap before GC invocations=13 (full 0):
 garbage-first heap   total 116736K, used 87552K [0x0000000082000000, 0x0000000100000000)
  region size 1024K, 25 young (25600K), 1 survivors (1024K)
 Metaspace       used 35009K, committed 35392K, reserved 1081344K
  class space    used 3959K, committed 4160K, reserved 1048576K
}
Event: 10.914 GC heap after
{Heap after GC invocations=14 (full 0):
 garbage-first heap   total 116736K, used 65024K [0x0000000082000000, 0x0000000100000000)
  region size 1024K, 2 young (2048K), 2 survivors (2048K)
 Metaspace       used 35009K, committed 35392K, reserved 1081344K
  class space    used 3959K, committed 4160K, reserved 1048576K
}
Event: 11.435 GC heap before
{Heap before GC invocations=14 (full 0):
 garbage-first heap   total 116736K, used 92672K [0x0000000082000000, 0x0000000100000000)
  region size 1024K, 29 young (29696K), 2 survivors (2048K)
 Metaspace       used 39045K, committed 39488K, reserved 1089536K
  class space    used 4532K, committed 4736K, reserved 1048576K
}
Event: 11.448 GC heap after
{Heap after GC invocations=15 (full 0):
 garbage-first heap   total 140288K, used 68012K [0x0000000082000000, 0x0000000100000000)
  region size 1024K, 4 young (4096K), 4 survivors (4096K)
 Metaspace       used 39045K, committed 39488K, reserved 1089536K
  class space    used 4532K, committed 4736K, reserved 1048576K
}
Event: 13.163 GC heap before
{Heap before GC invocations=16 (full 0):
 garbage-first heap   total 140288K, used 108972K [0x0000000082000000, 0x0000000100000000)
  region size 1024K, 43 young (44032K), 4 survivors (4096K)
 Metaspace       used 42203K, committed 42560K, reserved 1089536K
  class space    used 4877K, committed 5056K, reserved 1048576K
}
Event: 13.174 GC heap after
{Heap after GC invocations=17 (full 0):
 garbage-first heap   total 140288K, used 72546K [0x0000000082000000, 0x0000000100000000)
  region size 1024K, 6 young (6144K), 6 survivors (6144K)
 Metaspace       used 42203K, committed 42560K, reserved 1089536K
  class space    used 4877K, committed 5056K, reserved 1048576K
}
Event: 13.178 GC heap before
{Heap before GC invocations=17 (full 0):
 garbage-first heap   total 140288K, used 73570K [0x0000000082000000, 0x0000000100000000)
  region size 1024K, 7 young (7168K), 6 survivors (6144K)
 Metaspace       used 42203K, committed 42560K, reserved 1089536K
  class space    used 4877K, committed 5056K, reserved 1048576K
}
Event: 13.188 GC heap after
{Heap after GC invocations=18 (full 0):
 garbage-first heap   total 140288K, used 72704K [0x0000000082000000, 0x0000000100000000)
  region size 1024K, 1 young (1024K), 1 survivors (1024K)
 Metaspace       used 42203K, committed 42560K, reserved 1089536K
  class space    used 4877K, committed 5056K, reserved 1048576K
}
Event: 13.426 GC heap before
{Heap before GC invocations=18 (full 0):
 garbage-first heap   total 140288K, used 77824K [0x0000000082000000, 0x0000000100000000)
  region size 1024K, 7 young (7168K), 1 survivors (1024K)
 Metaspace       used 42226K, committed 42560K, reserved 1089536K
  class space    used 4877K, committed 5056K, reserved 1048576K
}
Event: 13.428 GC heap after
{Heap after GC invocations=19 (full 0):
 garbage-first heap   total 140288K, used 73050K [0x0000000082000000, 0x0000000100000000)
  region size 1024K, 2 young (2048K), 2 survivors (2048K)
 Metaspace       used 42226K, committed 42560K, reserved 1089536K
  class space    used 4877K, committed 5056K, reserved 1048576K
}
Event: 13.983 GC heap before
{Heap before GC invocations=20 (full 0):
 garbage-first heap   total 140288K, used 104794K [0x0000000082000000, 0x0000000100000000)
  region size 1024K, 31 young (31744K), 2 survivors (2048K)
 Metaspace       used 42267K, committed 42624K, reserved 1089536K
  class space    used 4878K, committed 5056K, reserved 1048576K
}
Event: 13.997 GC heap after
{Heap after GC invocations=21 (full 0):
 garbage-first heap   total 140288K, used 87548K [0x0000000082000000, 0x0000000100000000)
  region size 1024K, 4 young (4096K), 4 survivors (4096K)
 Metaspace       used 42267K, committed 42624K, reserved 1089536K
  class space    used 4878K, committed 5056K, reserved 1048576K
}
Event: 14.004 GC heap before
{Heap before GC invocations=21 (full 0):
 garbage-first heap   total 140288K, used 89596K [0x0000000082000000, 0x0000000100000000)
  region size 1024K, 6 young (6144K), 4 survivors (4096K)
 Metaspace       used 42267K, committed 42624K, reserved 1089536K
  class space    used 4878K, committed 5056K, reserved 1048576K
}
Event: 14.010 GC heap after
{Heap after GC invocations=22 (full 0):
 garbage-first heap   total 140288K, used 74764K [0x0000000082000000, 0x0000000100000000)
  region size 1024K, 1 young (1024K), 1 survivors (1024K)
 Metaspace       used 42267K, committed 42624K, reserved 1089536K
  class space    used 4878K, committed 5056K, reserved 1048576K
}
Event: 14.133 GC heap before
{Heap before GC invocations=22 (full 0):
 garbage-first heap   total 140288K, used 79884K [0x0000000082000000, 0x0000000100000000)
  region size 1024K, 6 young (6144K), 1 survivors (1024K)
 Metaspace       used 42277K, committed 42688K, reserved 1089536K
  class space    used 4878K, committed 5056K, reserved 1048576K
}
Event: 14.137 GC heap after
{Heap after GC invocations=23 (full 0):
 garbage-first heap   total 140288K, used 72466K [0x0000000082000000, 0x0000000100000000)
  region size 1024K, 1 young (1024K), 1 survivors (1024K)
 Metaspace       used 42277K, committed 42688K, reserved 1089536K
  class space    used 4878K, committed 5056K, reserved 1048576K
}
Event: 15.431 GC heap before
{Heap before GC invocations=23 (full 0):
 garbage-first heap   total 140288K, used 100114K [0x0000000082000000, 0x0000000100000000)
  region size 1024K, 28 young (28672K), 1 survivors (1024K)
 Metaspace       used 42548K, committed 43008K, reserved 1089536K
  class space    used 4899K, committed 5120K, reserved 1048576K
}

