# JRE version: Java(TM) SE Runtime Environment (17.0.7+8) (build 17.0.7+8-LTS-224)
# Java VM: Java HotSpot(TM) 64-Bit Server VM (17.0.7+8-LTS-224, mixed mode, sharing, tiered, compressed oops, compressed class ptrs, g1 gc, windows-amd64)
GC Precious Log:
 CPUs: 4 total, 4 available
 Memory: 8058M
 Large Page Support: Disabled
 NUMA Support: Disabled
 Compressed Oops: Enabled (32-bit)
 Heap Region Size: 1M
 Heap Min Capacity: 8M
 Heap Initial Capacity: 126M
 Heap Max Capacity: 2016M
 Pre-touch: Disabled
 Parallel Workers: 4
 Concurrent Workers: 1
 Concurrent Refinement Workers: 4
 Periodic GC: Disabled
Heap:
 garbage-first heap   total 148480K, used 78299K [0x0000000082000000, 0x0000000100000000)
  region size 1024K, 3 young (3072K), 3 survivors (3072K)
 Metaspace       used 38846K, committed 39232K, reserved 1089536K
  class space    used 4443K, committed 4672K, reserved 1048576K
GC Heap History (20 events):
Event: 4.256 GC heap after
{Heap after GC invocations=5 (full 0):
 garbage-first heap   total 129024K, used 24385K [0x0000000082000000, 0x0000000100000000)
  region size 1024K, 4 young (4096K), 4 survivors (4096K)
 Metaspace       used 16980K, committed 17152K, reserved 1064960K
  class space    used 1868K, committed 1984K, reserved 1048576K
}
Event: 4.687 GC heap before
{Heap before GC invocations=5 (full 0):
 garbage-first heap   total 129024K, used 46913K [0x0000000082000000, 0x0000000100000000)
  region size 1024K, 22 young (22528K), 4 survivors (4096K)
 Metaspace       used 21300K, committed 21504K, reserved 1073152K
  class space    used 2399K, committed 2496K, reserved 1048576K
}
Event: 4.696 GC heap after
{Heap after GC invocations=6 (full 0):
 garbage-first heap   total 129024K, used 32485K [0x0000000082000000, 0x0000000100000000)
  region size 1024K, 8 young (8192K), 8 survivors (8192K)
 Metaspace       used 21300K, committed 21504K, reserved 1073152K
  class space    used 2399K, committed 2496K, reserved 1048576K
}
Event: 5.783 GC heap before
{Heap before GC invocations=7 (full 0):
 garbage-first heap   total 112640K, used 92901K [0x0000000082000000, 0x0000000100000000)
  region size 1024K, 66 young (67584K), 8 survivors (8192K)
 Metaspace       used 23876K, committed 24192K, reserved 1073152K
  class space    used 2660K, committed 2816K, reserved 1048576K
}
Event: 5.813 GC heap after
{Heap after GC invocations=8 (full 0):
 garbage-first heap   total 118784K, used 48331K [0x0000000082000000, 0x0000000100000000)
  region size 1024K, 9 young (9216K), 9 survivors (9216K)
 Metaspace       used 23876K, committed 24192K, reserved 1073152K
  class space    used 2660K, committed 2816K, reserved 1048576K
}
Event: 5.824 GC heap before
{Heap before GC invocations=8 (full 0):
 garbage-first heap   total 118784K, used 49355K [0x0000000082000000, 0x0000000100000000)
  region size 1024K, 10 young (10240K), 9 survivors (9216K)
 Metaspace       used 23884K, committed 24192K, reserved 1073152K
  class space    used 2660K, committed 2816K, reserved 1048576K
}
Event: 5.835 GC heap after
{Heap after GC invocations=9 (full 0):
 garbage-first heap   total 143360K, used 49152K [0x0000000082000000, 0x0000000100000000)
  region size 1024K, 1 young (1024K), 1 survivors (1024K)
 Metaspace       used 23884K, committed 24192K, reserved 1073152K
  class space    used 2660K, committed 2816K, reserved 1048576K
}
Event: 6.990 GC heap before
{Heap before GC invocations=9 (full 0):
 garbage-first heap   total 143360K, used 101376K [0x0000000082000000, 0x0000000100000000)
  region size 1024K, 53 young (54272K), 1 survivors (1024K)
 Metaspace       used 27136K, committed 27456K, reserved 1081344K
  class space    used 3026K, committed 3200K, reserved 1048576K
}
Event: 6.997 GC heap after
{Heap after GC invocations=10 (full 0):
 garbage-first heap   total 143360K, used 51200K [0x0000000082000000, 0x0000000100000000)
  region size 1024K, 3 young (3072K), 3 survivors (3072K)
 Metaspace       used 27136K, committed 27456K, reserved 1081344K
  class space    used 3026K, committed 3200K, reserved 1048576K
}
Event: 8.288 GC heap before
{Heap before GC invocations=11 (full 0):
 garbage-first heap   total 143360K, used 105472K [0x0000000082000000, 0x0000000100000000)
  region size 1024K, 56 young (57344K), 3 survivors (3072K)
 Metaspace       used 34066K, committed 34368K, reserved 1081344K
  class space    used 3945K, committed 4096K, reserved 1048576K
}
Event: 8.302 GC heap after
{Heap after GC invocations=12 (full 0):
 garbage-first heap   total 143360K, used 56054K [0x0000000082000000, 0x0000000100000000)
  region size 1024K, 7 young (7168K), 7 survivors (7168K)
 Metaspace       used 34066K, committed 34368K, reserved 1081344K
  class space    used 3945K, committed 4096K, reserved 1048576K
}
Event: 9.306 GC heap before
{Heap before GC invocations=12 (full 0):
 garbage-first heap   total 143360K, used 113398K [0x0000000082000000, 0x0000000100000000)
  region size 1024K, 58 young (59392K), 7 survivors (7168K)
 Metaspace       used 34379K, committed 34688K, reserved 1081344K
  class space    used 3952K, committed 4096K, reserved 1048576K
}
Event: 9.327 GC heap after
{Heap after GC invocations=13 (full 0):
 garbage-first heap   total 143360K, used 73790K [0x0000000082000000, 0x0000000100000000)
  region size 1024K, 8 young (8192K), 8 survivors (8192K)
 Metaspace       used 34379K, committed 34688K, reserved 1081344K
  class space    used 3952K, committed 4096K, reserved 1048576K
}
Event: 10.004 GC heap before
{Heap before GC invocations=13 (full 0):
 garbage-first heap   total 143360K, used 105534K [0x0000000082000000, 0x0000000100000000)
  region size 1024K, 40 young (40960K), 8 survivors (8192K)
 Metaspace       used 34876K, committed 35200K, reserved 1081344K
  class space    used 3998K, committed 4160K, reserved 1048576K
}
Event: 10.018 GC heap after
{Heap after GC invocations=14 (full 0):
 garbage-first heap   total 143360K, used 82944K [0x0000000082000000, 0x0000000100000000)
  region size 1024K, 5 young (5120K), 5 survivors (5120K)
 Metaspace       used 34876K, committed 35200K, reserved 1081344K
  class space    used 3998K, committed 4160K, reserved 1048576K
}
Event: 10.673 GC heap before
{Heap before GC invocations=15 (full 0):
 garbage-first heap   total 148480K, used 109568K [0x0000000082000000, 0x0000000100000000)
  region size 1024K, 32 young (32768K), 5 survivors (5120K)
 Metaspace       used 35866K, committed 36160K, reserved 1081344K
  class space    used 4129K, committed 4288K, reserved 1048576K
}
Event: 10.678 GC heap after
{Heap after GC invocations=16 (full 0):
 garbage-first heap   total 148480K, used 82944K [0x0000000082000000, 0x0000000100000000)
  region size 1024K, 1 young (1024K), 1 survivors (1024K)
 Metaspace       used 35866K, committed 36160K, reserved 1081344K
  class space    used 4129K, committed 4288K, reserved 1048576K
}
Event: 10.728 GC heap before
{Heap before GC invocations=16 (full 0):
 garbage-first heap   total 148480K, used 88064K [0x0000000082000000, 0x0000000100000000)
  region size 1024K, 7 young (7168K), 1 survivors (1024K)
 Metaspace       used 35878K, committed 36160K, reserved 1081344K
  class space    used 4129K, committed 4288K, reserved 1048576K
}
Event: 10.732 GC heap after
{Heap after GC invocations=17 (full 0):
 garbage-first heap   total 148480K, used 76298K [0x0000000082000000, 0x0000000100000000)
  region size 1024K, 1 young (1024K), 1 survivors (1024K)
 Metaspace       used 35878K, committed 36160K, reserved 1081344K
  class space    used 4129K, committed 4288K, reserved 1048576K
}
Event: 23.419 GC heap before
{Heap before GC invocations=17 (full 0):
 garbage-first heap   total 148480K, used 113162K [0x0000000082000000, 0x0000000100000000)
  region size 1024K, 37 young (37888K), 1 survivors (1024K)
 Metaspace       used 38846K, committed 39232K, reserved 1089536K
  class space    used 4443K, committed 4672K, reserved 1048576K
}

